[INFO] Scanning for projects...
[INFO] 
[INFO] --------------------------< com.naas:backend >--------------------------
[INFO] Building backend 0.0.1-SNAPSHOT
[INFO]   from pom.xml
[INFO] --------------------------------[ jar ]---------------------------------
[INFO] 
[INFO] >>> spring-boot:4.0.4:run (default-cli) > test-compile @ backend >>>
[INFO] 
[INFO] --- resources:3.3.1:resources (default-resources) @ backend ---
[INFO] Copying 1 resource from src/main/resources to target/classes
[INFO] Copying 1 resource from src/main/resources to target/classes
[INFO] 
[INFO] --- compiler:3.14.1:compile (default-compile) @ backend ---
[INFO] Nothing to compile - all classes are up to date.
[INFO] 
[INFO] --- resources:3.3.1:testResources (default-testResources) @ backend ---
[INFO] skip non existing resourceDirectory /Users/lalith/snu/sem6/swe/lab/code_implimentaion/backend/src/test/resources
[INFO] 
[INFO] --- compiler:3.14.1:testCompile (default-testCompile) @ backend ---
[INFO] Nothing to compile - all classes are up to date.
[INFO] 
[INFO] <<< spring-boot:4.0.4:run (default-cli) < test-compile @ backend <<<
[INFO] 
[INFO] 
[INFO] --- spring-boot:4.0.4:run (default-cli) @ backend ---
[INFO] Attaching agents: []

  .   ____          _            __ _ _
 /\\ / ___'_ __ _ _(_)_ __  __ _ \ \ \ \
( ( )\___ | '_ | '_| | '_ \/ _` | \ \ \ \
 \\/  ___)| |_)| | | | | || (_| |  ) ) ) )
  '  |____| .__|_| |_|_| |_\__, | / / / /
 =========|_|==============|___/=/_/_/_/

 :: Spring Boot ::                (v4.0.4)

2026-04-13T10:56:26.913+05:30  INFO 45952 --- [backend] [           main] com.naas.backend.BackendApplication      : Starting BackendApplication using Java 25.0.2 with PID 45952 (/Users/lalith/snu/sem6/swe/lab/code_implimentaion/backend/target/classes started by lalith in /Users/lalith/snu/sem6/swe/lab/code_implimentaion/backend)
2026-04-13T10:56:26.914+05:30  INFO 45952 --- [backend] [           main] com.naas.backend.BackendApplication      : No active profile set, falling back to 1 default profile: "default"
2026-04-13T10:56:27.258+05:30  INFO 45952 --- [backend] [           main] .s.d.r.c.RepositoryConfigurationDelegate : Bootstrapping Spring Data JPA repositories in DEFAULT mode.
2026-04-13T10:56:27.287+05:30  INFO 45952 --- [backend] [           main] .s.d.r.c.RepositoryConfigurationDelegate : Finished Spring Data repository scanning in 24 ms. Found 13 JPA repository interfaces.
2026-04-13T10:56:27.500+05:30  INFO 45952 --- [backend] [           main] o.s.boot.tomcat.TomcatWebServer          : Tomcat initialized with port 8080 (http)
2026-04-13T10:56:27.505+05:30  INFO 45952 --- [backend] [           main] o.apache.catalina.core.StandardService   : Starting service [Tomcat]
2026-04-13T10:56:27.505+05:30  INFO 45952 --- [backend] [           main] o.apache.catalina.core.StandardEngine    : Starting Servlet engine: [Apache Tomcat/11.0.18]
2026-04-13T10:56:27.520+05:30  INFO 45952 --- [backend] [           main] b.w.c.s.WebApplicationContextInitializer : Root WebApplicationContext: initialization completed in 583 ms
2026-04-13T10:56:27.609+05:30  INFO 45952 --- [backend] [           main] org.hibernate.orm.jpa                    : HHH008540: Processing PersistenceUnitInfo [name: default]
2026-04-13T10:56:27.626+05:30  INFO 45952 --- [backend] [           main] org.hibernate.orm.core                   : HHH000001: Hibernate ORM core version 7.2.7.Final
2026-04-13T10:56:27.758+05:30  INFO 45952 --- [backend] [           main] o.s.o.j.p.SpringPersistenceUnitInfo      : No LoadTimeWeaver setup: ignoring JPA class transformer
2026-04-13T10:56:27.769+05:30  INFO 45952 --- [backend] [           main] com.zaxxer.hikari.HikariDataSource       : HikariPool-1 - Starting...
2026-04-13T10:56:27.828+05:30  INFO 45952 --- [backend] [           main] com.zaxxer.hikari.pool.HikariPool        : HikariPool-1 - Added connection org.postgresql.jdbc.PgConnection@2d5d001f
2026-04-13T10:56:27.829+05:30  INFO 45952 --- [backend] [           main] com.zaxxer.hikari.HikariDataSource       : HikariPool-1 - Start completed.
2026-04-13T10:56:27.840+05:30  WARN 45952 --- [backend] [           main] org.hibernate.orm.deprecation            : HHH90000025: PostgreSQLDialect does not need to be specified explicitly using 'hibernate.dialect' (remove the property setting and it will be selected by default)
2026-04-13T10:56:27.848+05:30  INFO 45952 --- [backend] [           main] org.hibernate.orm.connections.pooling    : HHH10001005: Database info:
	Database JDBC URL [jdbc:postgresql://localhost:5432/naas_db]
	Database driver: PostgreSQL JDBC Driver
	Database dialect: PostgreSQLDialect
	Database version: 18.3
	Default catalog/schema: naas_db/public
	Autocommit mode: undefined/unknown
	Isolation level: READ_COMMITTED [default READ_COMMITTED]
	JDBC fetch size: none
	Pool: DataSourceConnectionProvider
	Minimum pool size: undefined/unknown
	Maximum pool size: undefined/unknown
2026-04-13T10:56:28.300+05:30  INFO 45952 --- [backend] [           main] org.hibernate.orm.core                   : HHH000489: No JTA platform available (set 'hibernate.transaction.jta.platform' to enable JTA platform integration)
2026-04-13T10:56:28.342+05:30  INFO 45952 --- [backend] [           main] j.LocalContainerEntityManagerFactoryBean : Initialized JPA EntityManagerFactory for persistence unit 'default'
2026-04-13T10:56:28.372+05:30  INFO 45952 --- [backend] [           main] o.s.d.j.r.query.QueryEnhancerFactories   : Hibernate is in classpath; If applicable, HQL parser will be used.
Hibernate: select count(*) from delivery_hubs h1_0
2026-04-13T10:56:28.776+05:30  WARN 45952 --- [backend] [           main] JpaBaseConfiguration$JpaWebConfiguration : spring.jpa.open-in-view is enabled by default. Therefore, database queries may be performed during view rendering. Explicitly configure spring.jpa.open-in-view to disable this warning
2026-04-13T10:56:28.868+05:30  INFO 45952 --- [backend] [           main] r$InitializeUserDetailsManagerConfigurer : Global AuthenticationManager configured with UserDetailsService bean with name userDetailsService
2026-04-13T10:56:29.149+05:30  INFO 45952 --- [backend] [           main] o.s.b.a.e.web.EndpointLinksResolver      : Exposing 1 endpoint beneath base path '/actuator'
2026-04-13T10:56:29.185+05:30  INFO 45952 --- [backend] [           main] o.s.boot.tomcat.TomcatWebServer          : Tomcat started on port 8080 (http) with context path '/'
2026-04-13T10:56:29.189+05:30  INFO 45952 --- [backend] [           main] com.naas.backend.BackendApplication      : Started BackendApplication in 2.418 seconds (process running for 2.589)
2026-04-13T10:56:34.922+05:30  INFO 45952 --- [backend] [nio-8080-exec-1] o.a.c.c.C.[Tomcat].[localhost].[/]       : Initializing Spring DispatcherServlet 'dispatcherServlet'
2026-04-13T10:56:34.923+05:30  INFO 45952 --- [backend] [nio-8080-exec-1] o.s.web.servlet.DispatcherServlet        : Initializing Servlet 'dispatcherServlet'
2026-04-13T10:56:34.924+05:30  INFO 45952 --- [backend] [nio-8080-exec-1] o.s.web.servlet.DispatcherServlet        : Completed initialization in 1 ms
Hibernate: select u1_0.id,u1_0.active,u1_0.created_at,u1_0.email,u1_0.password,u1_0.role,u1_0.updated_at from users u1_0 where u1_0.email=?
Hibernate: select u1_0.id,u1_0.active,u1_0.created_at,u1_0.email,u1_0.password,u1_0.role,u1_0.updated_at from users u1_0 where u1_0.email=?
Hibernate: select c1_0.id,c1_0.active,c1_0.created_at,c1_0.name,c1_0.phone,c1_0.user_id from customers c1_0 where c1_0.user_id=?
Hibernate: select p1_0.id,p1_0.created_at,p1_0.description,p1_0.enabled,p1_0.frequency,p1_0.image_url,p1_0.name,p1_0.price,p1_0.type from publications p1_0 where p1_0.id=?
Hibernate: select u1_0.id,u1_0.active,u1_0.created_at,u1_0.email,u1_0.password,u1_0.role,u1_0.updated_at from users u1_0 where u1_0.email=?
Hibernate: select u1_0.id,u1_0.active,u1_0.created_at,u1_0.email,u1_0.password,u1_0.role,u1_0.updated_at from users u1_0 where u1_0.email=?
Hibernate: select c1_0.id,c1_0.active,c1_0.created_at,c1_0.name,c1_0.phone,c1_0.user_id from customers c1_0 where c1_0.user_id=?
Hibernate: select p1_0.id,p1_0.created_at,p1_0.description,p1_0.enabled,p1_0.frequency,p1_0.image_url,p1_0.name,p1_0.price,p1_0.type from publications p1_0 where p1_0.enabled=? order by p1_0.id desc
Hibernate: select u1_0.id,u1_0.active,u1_0.created_at,u1_0.email,u1_0.password,u1_0.role,u1_0.updated_at from users u1_0 where u1_0.email=?
Hibernate: select u1_0.id,u1_0.active,u1_0.created_at,u1_0.email,u1_0.password,u1_0.role,u1_0.updated_at from users u1_0 where u1_0.email=?
Hibernate: select c1_0.id,c1_0.active,c1_0.created_at,c1_0.name,c1_0.phone,c1_0.user_id from customers c1_0 where c1_0.user_id=?
Hibernate: select u1_0.id,u1_0.active,u1_0.created_at,u1_0.email,u1_0.password,u1_0.role,u1_0.updated_at from users u1_0 where u1_0.email=?
Hibernate: select u1_0.id,u1_0.active,u1_0.created_at,u1_0.email,u1_0.password,u1_0.role,u1_0.updated_at from users u1_0 where u1_0.email=?
Hibernate: select u1_0.id,u1_0.active,u1_0.created_at,u1_0.email,u1_0.password,u1_0.role,u1_0.updated_at from users u1_0 where u1_0.email=?
Hibernate: select u1_0.id,u1_0.active,u1_0.created_at,u1_0.email,u1_0.password,u1_0.role,u1_0.updated_at from users u1_0 where u1_0.email=?
Hibernate: select c1_0.id,c1_0.active,c1_0.created_at,c1_0.name,c1_0.phone,c1_0.user_id from customers c1_0 where c1_0.user_id=?
Hibernate: select u1_0.id,u1_0.active,u1_0.created_at,u1_0.email,u1_0.password,u1_0.role,u1_0.updated_at from users u1_0 where u1_0.email=?
Hibernate: select u1_0.id,u1_0.active,u1_0.created_at,u1_0.email,u1_0.password,u1_0.role,u1_0.updated_at from users u1_0 where u1_0.email=?
Hibernate: select c1_0.id,c1_0.active,c1_0.created_at,c1_0.name,c1_0.phone,c1_0.user_id from customers c1_0 where c1_0.user_id=?
Hibernate: select p1_0.id,p1_0.created_at,p1_0.description,p1_0.enabled,p1_0.frequency,p1_0.image_url,p1_0.name,p1_0.price,p1_0.type from publications p1_0 where p1_0.enabled=? order by p1_0.id desc
Hibernate: select u1_0.id,u1_0.active,u1_0.created_at,u1_0.email,u1_0.password,u1_0.role,u1_0.updated_at from users u1_0 where u1_0.email=?
Hibernate: select u1_0.id,u1_0.active,u1_0.created_at,u1_0.email,u1_0.password,u1_0.role,u1_0.updated_at from users u1_0 where u1_0.email=?
Hibernate: select u1_0.id,u1_0.active,u1_0.created_at,u1_0.email,u1_0.password,u1_0.role,u1_0.updated_at from users u1_0 where u1_0.email=?
Hibernate: select u1_0.id,u1_0.active,u1_0.created_at,u1_0.email,u1_0.password,u1_0.role,u1_0.updated_at from users u1_0 where u1_0.email=?
Hibernate: select u1_0.id,u1_0.active,u1_0.created_at,u1_0.email,u1_0.password,u1_0.role,u1_0.updated_at from users u1_0 where u1_0.email=?
Hibernate: select u1_0.id,u1_0.active,u1_0.created_at,u1_0.email,u1_0.password,u1_0.role,u1_0.updated_at from users u1_0 where u1_0.email=?
Hibernate: select c1_0.id,c1_0.active,c1_0.created_at,c1_0.name,c1_0.phone,c1_0.user_id from customers c1_0 where c1_0.user_id=?
Hibernate: select c1_0.id,c1_0.active,c1_0.created_at,c1_0.name,c1_0.phone,c1_0.user_id from customers c1_0 where c1_0.user_id=?
Hibernate: select c1_0.id,c1_0.active,c1_0.created_at,c1_0.name,c1_0.phone,c1_0.user_id from customers c1_0 where c1_0.user_id=?
Hibernate: select c1_0.id,c1_0.active,c1_0.created_at,c1_0.name,c1_0.phone,c1_0.user_id from customers c1_0 where c1_0.user_id=?
Hibernate: select c1_0.id,c1_0.active,c1_0.created_at,c1_0.name,c1_0.phone,c1_0.user_id from customers c1_0 where c1_0.user_id=?
Hibernate: select u1_0.id,u1_0.active,u1_0.created_at,u1_0.email,u1_0.password,u1_0.role,u1_0.updated_at from users u1_0 where u1_0.id=?
Hibernate: select u1_0.id,u1_0.active,u1_0.created_at,u1_0.email,u1_0.password,u1_0.role,u1_0.updated_at from users u1_0 where u1_0.id=?
Hibernate: select u1_0.id,u1_0.active,u1_0.created_at,u1_0.email,u1_0.password,u1_0.role,u1_0.updated_at from users u1_0 where u1_0.id=?
Hibernate: select u1_0.id,u1_0.active,u1_0.created_at,u1_0.email,u1_0.password,u1_0.role,u1_0.updated_at from users u1_0 where u1_0.id=?
Hibernate: select u1_0.id,u1_0.active,u1_0.created_at,u1_0.email,u1_0.password,u1_0.role,u1_0.updated_at from users u1_0 where u1_0.id=?
Hibernate: select dr1_0.id,dr1_0.customer_id,dr1_0.delivery_date,dr1_0.delivery_person_id,dr1_0.hub_id,dr1_0.publication_id,dr1_0.route_sequence,dr1_0.status,dr1_0.subscription_id from delivery_records dr1_0 where dr1_0.customer_id=? order by dr1_0.delivery_date desc
Hibernate: select b1_0.id,b1_0.billing_month,b1_0.created_at,b1_0.customer_id,b1_0.due_date,b1_0.status,b1_0.total_amount from bills b1_0 where b1_0.customer_id=? order by b1_0.created_at desc
Hibernate: select s1_0.id,s1_0.created_at,s1_0.customer_id,s1_0.customer_address_id,s1_0.end_date,s1_0.start_date,s1_0.status,s1_0.suspend_end_date,s1_0.suspend_start_date from subscriptions s1_0 where s1_0.customer_id=?
Hibernate: select ca1_0.id,ca1_0.active,ca1_0.address,ca1_0.area,ca1_0.created_at,ca1_0.customer_id,ca1_0.house,ca1_0.label,ca1_0.landmark,ca1_0.latitude,ca1_0.longitude from customer_addresses ca1_0 where ca1_0.customer_id=? and ca1_0.active=true order by ca1_0.id desc
Hibernate: select u1_0.id,u1_0.active,u1_0.created_at,u1_0.email,u1_0.password,u1_0.role,u1_0.updated_at from users u1_0 where u1_0.email=?
Hibernate: select u1_0.id,u1_0.active,u1_0.created_at,u1_0.email,u1_0.password,u1_0.role,u1_0.updated_at from users u1_0 where u1_0.email=?
Hibernate: select c1_0.id,c1_0.active,c1_0.created_at,c1_0.name,c1_0.phone,c1_0.user_id from customers c1_0 where c1_0.user_id=?
Hibernate: select u1_0.id,u1_0.active,u1_0.created_at,u1_0.email,u1_0.password,u1_0.role,u1_0.updated_at from users u1_0 where u1_0.email=?
Hibernate: select u1_0.id,u1_0.active,u1_0.created_at,u1_0.email,u1_0.password,u1_0.role,u1_0.updated_at from users u1_0 where u1_0.email=?
Hibernate: select c1_0.id,c1_0.active,c1_0.created_at,c1_0.name,c1_0.phone,c1_0.user_id from customers c1_0 where c1_0.user_id=?
Hibernate: select u1_0.id,u1_0.active,u1_0.created_at,u1_0.email,u1_0.password,u1_0.role,u1_0.updated_at from users u1_0 where u1_0.email=?
Hibernate: select c1_0.id,c1_0.active,c1_0.created_at,c1_0.name,c1_0.phone,c1_0.user_id from customers c1_0 where c1_0.user_id=?
Hibernate: select u1_0.id,u1_0.active,u1_0.created_at,u1_0.email,u1_0.password,u1_0.role,u1_0.updated_at from users u1_0 where u1_0.id=?
Hibernate: select ca1_0.id,ca1_0.active,ca1_0.address,ca1_0.area,ca1_0.created_at,ca1_0.customer_id,ca1_0.house,ca1_0.label,ca1_0.landmark,ca1_0.latitude,ca1_0.longitude from customer_addresses ca1_0 where ca1_0.customer_id=? and ca1_0.active=true order by ca1_0.id desc
Hibernate: select p1_0.id,p1_0.created_at,p1_0.description,p1_0.enabled,p1_0.frequency,p1_0.image_url,p1_0.name,p1_0.price,p1_0.type from publications p1_0 where p1_0.id=?
Hibernate: select p1_0.id,p1_0.created_at,p1_0.description,p1_0.enabled,p1_0.frequency,p1_0.image_url,p1_0.name,p1_0.price,p1_0.type from publications p1_0 where p1_0.id=?
Hibernate: select p1_0.id,p1_0.created_at,p1_0.description,p1_0.enabled,p1_0.frequency,p1_0.image_url,p1_0.name,p1_0.price,p1_0.type from publications p1_0 where p1_0.id=?
Hibernate: select p1_0.id,p1_0.created_at,p1_0.description,p1_0.enabled,p1_0.frequency,p1_0.image_url,p1_0.name,p1_0.price,p1_0.type from publications p1_0 where p1_0.id=?
Hibernate: select u1_0.id,u1_0.active,u1_0.created_at,u1_0.email,u1_0.password,u1_0.role,u1_0.updated_at from users u1_0 where u1_0.email=?
Hibernate: select c1_0.id,c1_0.active,c1_0.created_at,c1_0.name,c1_0.phone,c1_0.user_id from customers c1_0 where c1_0.user_id=?
Hibernate: select u1_0.id,u1_0.active,u1_0.created_at,u1_0.email,u1_0.password,u1_0.role,u1_0.updated_at from users u1_0 where u1_0.id=?
Hibernate: select ca1_0.id,ca1_0.active,ca1_0.address,ca1_0.area,ca1_0.created_at,ca1_0.customer_id,ca1_0.house,ca1_0.label,ca1_0.landmark,ca1_0.latitude,ca1_0.longitude from customer_addresses ca1_0 where ca1_0.customer_id=? and ca1_0.active=true order by ca1_0.id desc
Hibernate: select u1_0.id,u1_0.active,u1_0.created_at,u1_0.email,u1_0.password,u1_0.role,u1_0.updated_at from users u1_0 where u1_0.email=?
Hibernate: select u1_0.id,u1_0.active,u1_0.created_at,u1_0.email,u1_0.password,u1_0.role,u1_0.updated_at from users u1_0 where u1_0.email=?
Hibernate: select c1_0.id,c1_0.active,c1_0.created_at,c1_0.name,c1_0.phone,c1_0.user_id from customers c1_0 where c1_0.user_id=?
Hibernate: select p1_0.id,p1_0.created_at,p1_0.description,p1_0.enabled,p1_0.frequency,p1_0.image_url,p1_0.name,p1_0.price,p1_0.type from publications p1_0 where p1_0.id=?
Hibernate: select p1_0.id,p1_0.created_at,p1_0.description,p1_0.enabled,p1_0.frequency,p1_0.image_url,p1_0.name,p1_0.price,p1_0.type from publications p1_0 where p1_0.id=?
Hibernate: select p1_0.id,p1_0.created_at,p1_0.description,p1_0.enabled,p1_0.frequency,p1_0.image_url,p1_0.name,p1_0.price,p1_0.type from publications p1_0 where p1_0.id=?
Hibernate: select p1_0.id,p1_0.created_at,p1_0.description,p1_0.enabled,p1_0.frequency,p1_0.image_url,p1_0.name,p1_0.price,p1_0.type from publications p1_0 where p1_0.id=?
Hibernate: select u1_0.id,u1_0.active,u1_0.created_at,u1_0.email,u1_0.password,u1_0.role,u1_0.updated_at from users u1_0 where u1_0.email=?
Hibernate: select p1_0.id,p1_0.created_at,p1_0.description,p1_0.enabled,p1_0.frequency,p1_0.image_url,p1_0.name,p1_0.price,p1_0.type from publications p1_0 where p1_0.id=?
Hibernate: select p1_0.id,p1_0.created_at,p1_0.description,p1_0.enabled,p1_0.frequency,p1_0.image_url,p1_0.name,p1_0.price,p1_0.type from publications p1_0 where p1_0.id=?
Hibernate: select c1_0.id,c1_0.active,c1_0.created_at,c1_0.name,c1_0.phone,c1_0.user_id from customers c1_0 where c1_0.user_id=?
Hibernate: select u1_0.id,u1_0.active,u1_0.created_at,u1_0.email,u1_0.password,u1_0.role,u1_0.updated_at from users u1_0 where u1_0.id=?
Hibernate: select ca1_0.id,ca1_0.active,ca1_0.address,ca1_0.area,ca1_0.created_at,ca1_0.customer_id,ca1_0.house,ca1_0.label,ca1_0.landmark,ca1_0.latitude,ca1_0.longitude from customer_addresses ca1_0 where ca1_0.customer_id=? and ca1_0.active=true order by ca1_0.id desc
Hibernate: select u1_0.id,u1_0.active,u1_0.created_at,u1_0.email,u1_0.password,u1_0.role,u1_0.updated_at from users u1_0 where u1_0.email=?
Hibernate: select c1_0.id,c1_0.active,c1_0.created_at,c1_0.name,c1_0.phone,c1_0.user_id from customers c1_0 where c1_0.user_id=?
Hibernate: select u1_0.id,u1_0.active,u1_0.created_at,u1_0.email,u1_0.password,u1_0.role,u1_0.updated_at from users u1_0 where u1_0.id=?
Hibernate: select ca1_0.id,ca1_0.active,ca1_0.address,ca1_0.area,ca1_0.created_at,ca1_0.customer_id,ca1_0.house,ca1_0.label,ca1_0.landmark,ca1_0.latitude,ca1_0.longitude from customer_addresses ca1_0 where ca1_0.customer_id=? and ca1_0.active=true order by ca1_0.id desc
Hibernate: select p1_0.id,p1_0.created_at,p1_0.description,p1_0.enabled,p1_0.frequency,p1_0.image_url,p1_0.name,p1_0.price,p1_0.type from publications p1_0 where p1_0.id=?
Hibernate: select p1_0.id,p1_0.created_at,p1_0.description,p1_0.enabled,p1_0.frequency,p1_0.image_url,p1_0.name,p1_0.price,p1_0.type from publications p1_0 where p1_0.id=?
Hibernate: select u1_0.id,u1_0.active,u1_0.created_at,u1_0.email,u1_0.password,u1_0.role,u1_0.updated_at from users u1_0 where u1_0.email=?
Hibernate: select c1_0.id,c1_0.active,c1_0.created_at,c1_0.name,c1_0.phone,c1_0.user_id from customers c1_0 where c1_0.user_id=?
Hibernate: select u1_0.id,u1_0.active,u1_0.created_at,u1_0.email,u1_0.password,u1_0.role,u1_0.updated_at from users u1_0 where u1_0.id=?
Hibernate: select ca1_0.id,ca1_0.active,ca1_0.address,ca1_0.area,ca1_0.created_at,ca1_0.customer_id,ca1_0.house,ca1_0.label,ca1_0.landmark,ca1_0.latitude,ca1_0.longitude from customer_addresses ca1_0 where ca1_0.id=?
Hibernate: select s1_0.id,s1_0.created_at,s1_0.customer_id,s1_0.customer_address_id,s1_0.end_date,s1_0.start_date,s1_0.status,s1_0.suspend_end_date,s1_0.suspend_start_date from subscriptions s1_0 where s1_0.customer_id=? and s1_0.status=?
Hibernate: select p1_0.id,p1_0.created_at,p1_0.description,p1_0.enabled,p1_0.frequency,p1_0.image_url,p1_0.name,p1_0.price,p1_0.type from publications p1_0 where p1_0.id=?
Hibernate: select p1_0.id,p1_0.created_at,p1_0.description,p1_0.enabled,p1_0.frequency,p1_0.image_url,p1_0.name,p1_0.price,p1_0.type from publications p1_0 where p1_0.id=?
Hibernate: insert into subscriptions (created_at,customer_id,customer_address_id,end_date,start_date,status,suspend_end_date,suspend_start_date,id) values (?,?,?,?,?,?,?,?,?)
Hibernate: insert into subscription_items (created_at,custom_delivery_days,frequency,publication_id,status,stop_end_date,stop_start_date,subscription_id,id) values (?,?,?,?,?,?,?,?,?)
Hibernate: insert into subscription_items (created_at,custom_delivery_days,frequency,publication_id,status,stop_end_date,stop_start_date,subscription_id,id) values (?,?,?,?,?,?,?,?,?)
Hibernate: select u1_0.id,u1_0.active,u1_0.created_at,u1_0.email,u1_0.password,u1_0.role,u1_0.updated_at from users u1_0 where u1_0.email=?
Hibernate: select u1_0.id,u1_0.active,u1_0.created_at,u1_0.email,u1_0.password,u1_0.role,u1_0.updated_at from users u1_0 where u1_0.email=?
Hibernate: select c1_0.id,c1_0.active,c1_0.created_at,c1_0.name,c1_0.phone,c1_0.user_id from customers c1_0 where c1_0.user_id=?
Hibernate: select p1_0.id,p1_0.created_at,p1_0.description,p1_0.enabled,p1_0.frequency,p1_0.image_url,p1_0.name,p1_0.price,p1_0.type from publications p1_0 where p1_0.enabled=? order by p1_0.id desc
Hibernate: select u1_0.id,u1_0.active,u1_0.created_at,u1_0.email,u1_0.password,u1_0.role,u1_0.updated_at from users u1_0 where u1_0.email=?
Hibernate: select u1_0.id,u1_0.active,u1_0.created_at,u1_0.email,u1_0.password,u1_0.role,u1_0.updated_at from users u1_0 where u1_0.email=?
Hibernate: select u1_0.id,u1_0.active,u1_0.created_at,u1_0.email,u1_0.password,u1_0.role,u1_0.updated_at from users u1_0 where u1_0.email=?
Hibernate: select u1_0.id,u1_0.active,u1_0.created_at,u1_0.email,u1_0.password,u1_0.role,u1_0.updated_at from users u1_0 where u1_0.email=?
Hibernate: select u1_0.id,u1_0.active,u1_0.created_at,u1_0.email,u1_0.password,u1_0.role,u1_0.updated_at from users u1_0 where u1_0.email=?
Hibernate: select u1_0.id,u1_0.active,u1_0.created_at,u1_0.email,u1_0.password,u1_0.role,u1_0.updated_at from users u1_0 where u1_0.email=?
Hibernate: select c1_0.id,c1_0.active,c1_0.created_at,c1_0.name,c1_0.phone,c1_0.user_id from customers c1_0 where c1_0.user_id=?
Hibernate: select c1_0.id,c1_0.active,c1_0.created_at,c1_0.name,c1_0.phone,c1_0.user_id from customers c1_0 where c1_0.user_id=?
Hibernate: select c1_0.id,c1_0.active,c1_0.created_at,c1_0.name,c1_0.phone,c1_0.user_id from customers c1_0 where c1_0.user_id=?
Hibernate: select c1_0.id,c1_0.active,c1_0.created_at,c1_0.name,c1_0.phone,c1_0.user_id from customers c1_0 where c1_0.user_id=?
Hibernate: select c1_0.id,c1_0.active,c1_0.created_at,c1_0.name,c1_0.phone,c1_0.user_id from customers c1_0 where c1_0.user_id=?
Hibernate: select u1_0.id,u1_0.active,u1_0.created_at,u1_0.email,u1_0.password,u1_0.role,u1_0.updated_at from users u1_0 where u1_0.id=?
Hibernate: select u1_0.id,u1_0.active,u1_0.created_at,u1_0.email,u1_0.password,u1_0.role,u1_0.updated_at from users u1_0 where u1_0.id=?
Hibernate: select u1_0.id,u1_0.active,u1_0.created_at,u1_0.email,u1_0.password,u1_0.role,u1_0.updated_at from users u1_0 where u1_0.id=?
Hibernate: select u1_0.id,u1_0.active,u1_0.created_at,u1_0.email,u1_0.password,u1_0.role,u1_0.updated_at from users u1_0 where u1_0.id=?
Hibernate: select u1_0.id,u1_0.active,u1_0.created_at,u1_0.email,u1_0.password,u1_0.role,u1_0.updated_at from users u1_0 where u1_0.id=?
Hibernate: select s1_0.id,s1_0.created_at,s1_0.customer_id,s1_0.customer_address_id,s1_0.end_date,s1_0.start_date,s1_0.status,s1_0.suspend_end_date,s1_0.suspend_start_date from subscriptions s1_0 where s1_0.customer_id=?
Hibernate: select dr1_0.id,dr1_0.customer_id,dr1_0.delivery_date,dr1_0.delivery_person_id,dr1_0.hub_id,dr1_0.publication_id,dr1_0.route_sequence,dr1_0.status,dr1_0.subscription_id from delivery_records dr1_0 where dr1_0.customer_id=? order by dr1_0.delivery_date desc
Hibernate: select ca1_0.id,ca1_0.active,ca1_0.address,ca1_0.area,ca1_0.created_at,ca1_0.customer_id,ca1_0.house,ca1_0.label,ca1_0.landmark,ca1_0.latitude,ca1_0.longitude from customer_addresses ca1_0 where ca1_0.customer_id=? and ca1_0.active=true order by ca1_0.id desc
Hibernate: select b1_0.id,b1_0.billing_month,b1_0.created_at,b1_0.customer_id,b1_0.due_date,b1_0.status,b1_0.total_amount from bills b1_0 where b1_0.customer_id=? order by b1_0.created_at desc
Hibernate: select ca1_0.id,ca1_0.active,ca1_0.address,ca1_0.area,ca1_0.created_at,ca1_0.customer_id,ca1_0.house,ca1_0.label,ca1_0.landmark,ca1_0.latitude,ca1_0.longitude from customer_addresses ca1_0 where ca1_0.id=?
Hibernate: select i1_0.subscription_id,i1_0.id,i1_0.created_at,i1_0.custom_delivery_days,i1_0.frequency,i1_0.publication_id,p1_0.id,p1_0.created_at,p1_0.description,p1_0.enabled,p1_0.frequency,p1_0.image_url,p1_0.name,p1_0.price,p1_0.type,i1_0.status,i1_0.stop_end_date,i1_0.stop_start_date from subscription_items i1_0 left join publications p1_0 on p1_0.id=i1_0.publication_id where i1_0.subscription_id=?
Hibernate: select u1_0.id,u1_0.active,u1_0.created_at,u1_0.email,u1_0.password,u1_0.role,u1_0.updated_at from users u1_0 where u1_0.email=?
Hibernate: select u1_0.id,u1_0.active,u1_0.created_at,u1_0.email,u1_0.password,u1_0.role,u1_0.updated_at from users u1_0 where u1_0.email=?
Hibernate: select c1_0.id,c1_0.active,c1_0.created_at,c1_0.name,c1_0.phone,c1_0.user_id from customers c1_0 where c1_0.user_id=?
Hibernate: select u1_0.id,u1_0.active,u1_0.created_at,u1_0.email,u1_0.password,u1_0.role,u1_0.updated_at from users u1_0 where u1_0.email=?
Hibernate: select u1_0.id,u1_0.active,u1_0.created_at,u1_0.email,u1_0.password,u1_0.role,u1_0.updated_at from users u1_0 where u1_0.email=?
Hibernate: select c1_0.id,c1_0.active,c1_0.created_at,c1_0.name,c1_0.phone,c1_0.user_id from customers c1_0 where c1_0.user_id=?
Hibernate: select u1_0.id,u1_0.active,u1_0.created_at,u1_0.email,u1_0.password,u1_0.role,u1_0.updated_at from users u1_0 where u1_0.email=?
Hibernate: select u1_0.id,u1_0.active,u1_0.created_at,u1_0.email,u1_0.password,u1_0.role,u1_0.updated_at from users u1_0 where u1_0.email=?
Hibernate: select c1_0.id,c1_0.active,c1_0.created_at,c1_0.name,c1_0.phone,c1_0.user_id from customers c1_0 where c1_0.user_id=?
Hibernate: select u1_0.id,u1_0.active,u1_0.created_at,u1_0.email,u1_0.password,u1_0.role,u1_0.updated_at from users u1_0 where u1_0.email=?
Hibernate: select u1_0.id,u1_0.active,u1_0.created_at,u1_0.email,u1_0.password,u1_0.role,u1_0.updated_at from users u1_0 where u1_0.email=?
Hibernate: select c1_0.id,c1_0.active,c1_0.created_at,c1_0.name,c1_0.phone,c1_0.user_id from customers c1_0 where c1_0.user_id=?
Hibernate: select u1_0.id,u1_0.active,u1_0.created_at,u1_0.email,u1_0.password,u1_0.role,u1_0.updated_at from users u1_0 where u1_0.email=?
Hibernate: select u1_0.id,u1_0.active,u1_0.created_at,u1_0.email,u1_0.password,u1_0.role,u1_0.updated_at from users u1_0 where u1_0.email=?
Hibernate: select c1_0.id,c1_0.active,c1_0.created_at,c1_0.name,c1_0.phone,c1_0.user_id from customers c1_0 where c1_0.user_id=?
Hibernate: select p1_0.id,p1_0.created_at,p1_0.description,p1_0.enabled,p1_0.frequency,p1_0.image_url,p1_0.name,p1_0.price,p1_0.type from publications p1_0 where p1_0.enabled=? order by p1_0.id desc
Hibernate: select u1_0.id,u1_0.active,u1_0.created_at,u1_0.email,u1_0.password,u1_0.role,u1_0.updated_at from users u1_0 where u1_0.email=?
Hibernate: select u1_0.id,u1_0.active,u1_0.created_at,u1_0.email,u1_0.password,u1_0.role,u1_0.updated_at from users u1_0 where u1_0.email=?
Hibernate: select u1_0.id,u1_0.active,u1_0.created_at,u1_0.email,u1_0.password,u1_0.role,u1_0.updated_at from users u1_0 where u1_0.email=?
Hibernate: select u1_0.id,u1_0.active,u1_0.created_at,u1_0.email,u1_0.password,u1_0.role,u1_0.updated_at from users u1_0 where u1_0.email=?
Hibernate: select c1_0.id,c1_0.active,c1_0.created_at,c1_0.name,c1_0.phone,c1_0.user_id from customers c1_0 where c1_0.user_id=?
Hibernate: select p1_0.id,p1_0.created_at,p1_0.description,p1_0.enabled,p1_0.frequency,p1_0.image_url,p1_0.name,p1_0.price,p1_0.type from publications p1_0 where p1_0.enabled=? order by p1_0.id desc
Hibernate: select p1_0.id,p1_0.created_at,p1_0.description,p1_0.enabled,p1_0.frequency,p1_0.image_url,p1_0.name,p1_0.price,p1_0.type from publications p1_0 where p1_0.enabled=? order by p1_0.id desc
[INFO] ------------------------------------------------------------------------
[INFO] BUILD FAILURE
[INFO] ------------------------------------------------------------------------
[INFO] Total time:  06:17 min
[INFO] Finished at: 2026-04-13T11:02:43+05:30
[INFO] ------------------------------------------------------------------------
[ERROR] Failed to execute goal org.springframework.boot:spring-boot-maven-plugin:4.0.4:run (default-cli) on project backend: Process terminated with exit code: 137 -> [Help 1]
[ERROR] 
[ERROR] To see the full stack trace of the errors, re-run Maven with the -e switch.
[ERROR] Re-run Maven using the -X switch to enable full debug logging.
[ERROR] 
[ERROR] For more information about the errors and possible solutions, please read the following articles:
[ERROR] [Help 1] http://cwiki.apache.org/confluence/display/MAVEN/MojoExecutionException
